<?xml version="1.0" encoding="UTF-8"?>
<!-- Generated by org.testng.reporters.JUnitReportReporter -->
<testsuite skipped="0" hostname="DESKTOP-33MM0HS" name="com.fb.com.fb.Validatelogin" tests="1" failures="0" timestamp="2021-02-06T10:29:25 IST" time="0.014" errors="0">
  <testcase name="verifyTitle" time="0.014" classname="com.fb.com.fb.Validatelogin"/>
  <system-out/>
</testsuite> <!-- com.fb.com.fb.Validatelogin -->
